<?xml version="1.0" encoding="UTF-8"?>
<!-- Generated by org.testng.reporters.JUnitReportReporter -->
<testsuite hostname="win2019" failures="0" tests="1" name="CSVFileReading.CSVReadingFile" time="50.195" errors="0" timestamp="2024-08-22T22:26:19 PDT" skipped="0">
  <testcase classname="CSVFileReading.CSVReadingFile" name="LocatorsTestingBlog" time="50.195"/>
  <system-out/>
</testsuite> <!-- CSVFileReading.CSVReadingFile -->
